2012-10-14 16:40:42 Error: [MissingControllerException] Controller class Home.phpController could not be found.
#0 /Applications/MAMP/htdocs/SyntaxPerfect/app/webroot/index.php(92): Dispatcher->dispatch(Object(CakeRequest), Object(CakeResponse))
#1 {main}
2012-10-14 16:42:21 Error: [MissingControllerException] Controller class ImgController could not be found.
#0 /Applications/MAMP/htdocs/SyntaxPerfect/app/webroot/index.php(92): Dispatcher->dispatch(Object(CakeRequest), Object(CakeResponse))
#1 {main}
2012-10-14 16:42:27 Error: [MissingControllerException] Controller class ImgController could not be found.
#0 /Applications/MAMP/htdocs/SyntaxPerfect/app/webroot/index.php(92): Dispatcher->dispatch(Object(CakeRequest), Object(CakeResponse))
#1 {main}
2012-10-15 14:18:48 Error: [MissingControllerException] Controller class College-finderController could not be found.
#0 /Applications/MAMP/htdocs/SyntaxPerfect/app/webroot/index.php(92): Dispatcher->dispatch(Object(CakeRequest), Object(CakeResponse))
#1 {main}
2012-10-15 14:18:48 Error: [MissingControllerException] Controller class JsController could not be found.
#0 /Applications/MAMP/htdocs/SyntaxPerfect/app/webroot/index.php(92): Dispatcher->dispatch(Object(CakeRequest), Object(CakeResponse))
#1 {main}
2012-10-15 14:18:48 Error: [MissingControllerException] Controller class JsController could not be found.
#0 /Applications/MAMP/htdocs/SyntaxPerfect/app/webroot/index.php(92): Dispatcher->dispatch(Object(CakeRequest), Object(CakeResponse))
#1 {main}
2012-10-15 14:18:48 Error: [MissingControllerException] Controller class College-finderController could not be found.
#0 /Applications/MAMP/htdocs/SyntaxPerfect/app/webroot/index.php(92): Dispatcher->dispatch(Object(CakeRequest), Object(CakeResponse))
#1 {main}
2012-10-15 14:18:48 Error: [MissingControllerException] Controller class College-finderController could not be found.
#0 /Applications/MAMP/htdocs/SyntaxPerfect/app/webroot/index.php(92): Dispatcher->dispatch(Object(CakeRequest), Object(CakeResponse))
#1 {main}
2012-10-15 14:20:01 Error: [MissingControllerException] Controller class JsController could not be found.
#0 /Applications/MAMP/htdocs/SyntaxPerfect/app/webroot/index.php(92): Dispatcher->dispatch(Object(CakeRequest), Object(CakeResponse))
#1 {main}
2012-10-15 14:20:01 Error: [MissingControllerException] Controller class College-finderController could not be found.
#0 /Applications/MAMP/htdocs/SyntaxPerfect/app/webroot/index.php(92): Dispatcher->dispatch(Object(CakeRequest), Object(CakeResponse))
#1 {main}
2012-10-15 14:20:01 Error: [MissingControllerException] Controller class JsController could not be found.
#0 /Applications/MAMP/htdocs/SyntaxPerfect/app/webroot/index.php(92): Dispatcher->dispatch(Object(CakeRequest), Object(CakeResponse))
#1 {main}
2012-10-15 14:20:01 Error: [MissingControllerException] Controller class College-finderController could not be found.
#0 /Applications/MAMP/htdocs/SyntaxPerfect/app/webroot/index.php(92): Dispatcher->dispatch(Object(CakeRequest), Object(CakeResponse))
#1 {main}
2012-10-15 14:20:01 Error: [MissingControllerException] Controller class JsController could not be found.
#0 /Applications/MAMP/htdocs/SyntaxPerfect/app/webroot/index.php(92): Dispatcher->dispatch(Object(CakeRequest), Object(CakeResponse))
#1 {main}
2012-10-15 14:20:01 Error: [MissingControllerException] Controller class College-finderController could not be found.
#0 /Applications/MAMP/htdocs/SyntaxPerfect/app/webroot/index.php(92): Dispatcher->dispatch(Object(CakeRequest), Object(CakeResponse))
#1 {main}
2012-10-15 14:20:01 Error: [MissingControllerException] Controller class College-finderController could not be found.
#0 /Applications/MAMP/htdocs/SyntaxPerfect/app/webroot/index.php(92): Dispatcher->dispatch(Object(CakeRequest), Object(CakeResponse))
#1 {main}
2012-10-15 14:21:08 Error: [MissingControllerException] Controller class JsController could not be found.
#0 /Applications/MAMP/htdocs/SyntaxPerfect/app/webroot/index.php(92): Dispatcher->dispatch(Object(CakeRequest), Object(CakeResponse))
#1 {main}
2012-10-15 14:21:08 Error: [MissingControllerException] Controller class College-finderController could not be found.
#0 /Applications/MAMP/htdocs/SyntaxPerfect/app/webroot/index.php(92): Dispatcher->dispatch(Object(CakeRequest), Object(CakeResponse))
#1 {main}
2012-10-15 14:21:08 Error: [MissingControllerException] Controller class College-finderController could not be found.
#0 /Applications/MAMP/htdocs/SyntaxPerfect/app/webroot/index.php(92): Dispatcher->dispatch(Object(CakeRequest), Object(CakeResponse))
#1 {main}
2012-10-15 14:21:08 Error: [MissingControllerException] Controller class JsController could not be found.
#0 /Applications/MAMP/htdocs/SyntaxPerfect/app/webroot/index.php(92): Dispatcher->dispatch(Object(CakeRequest), Object(CakeResponse))
#1 {main}
2012-10-15 14:21:08 Error: [MissingControllerException] Controller class JsController could not be found.
#0 /Applications/MAMP/htdocs/SyntaxPerfect/app/webroot/index.php(92): Dispatcher->dispatch(Object(CakeRequest), Object(CakeResponse))
#1 {main}
2012-10-15 14:21:08 Error: [MissingControllerException] Controller class College-finderController could not be found.
#0 /Applications/MAMP/htdocs/SyntaxPerfect/app/webroot/index.php(92): Dispatcher->dispatch(Object(CakeRequest), Object(CakeResponse))
#1 {main}
2012-10-15 14:21:09 Error: [MissingControllerException] Controller class College-finderController could not be found.
#0 /Applications/MAMP/htdocs/SyntaxPerfect/app/webroot/index.php(92): Dispatcher->dispatch(Object(CakeRequest), Object(CakeResponse))
#1 {main}
2012-10-15 14:23:48 Error: [MissingControllerException] Controller class JsController could not be found.
#0 /Applications/MAMP/htdocs/SyntaxPerfect/app/webroot/index.php(92): Dispatcher->dispatch(Object(CakeRequest), Object(CakeResponse))
#1 {main}
2012-10-15 14:23:48 Error: [MissingControllerException] Controller class JsController could not be found.
#0 /Applications/MAMP/htdocs/SyntaxPerfect/app/webroot/index.php(92): Dispatcher->dispatch(Object(CakeRequest), Object(CakeResponse))
#1 {main}
2012-10-15 14:23:48 Error: [MissingControllerException] Controller class College-finderController could not be found.
#0 /Applications/MAMP/htdocs/SyntaxPerfect/app/webroot/index.php(92): Dispatcher->dispatch(Object(CakeRequest), Object(CakeResponse))
#1 {main}
2012-10-15 14:23:48 Error: [MissingControllerException] Controller class College-finderController could not be found.
#0 /Applications/MAMP/htdocs/SyntaxPerfect/app/webroot/index.php(92): Dispatcher->dispatch(Object(CakeRequest), Object(CakeResponse))
#1 {main}
2012-10-15 14:23:48 Error: [MissingControllerException] Controller class JsController could not be found.
#0 /Applications/MAMP/htdocs/SyntaxPerfect/app/webroot/index.php(92): Dispatcher->dispatch(Object(CakeRequest), Object(CakeResponse))
#1 {main}
2012-10-15 14:23:48 Error: [MissingControllerException] Controller class College-finderController could not be found.
#0 /Applications/MAMP/htdocs/SyntaxPerfect/app/webroot/index.php(92): Dispatcher->dispatch(Object(CakeRequest), Object(CakeResponse))
#1 {main}
2012-10-15 14:23:48 Error: [MissingControllerException] Controller class College-finderController could not be found.
#0 /Applications/MAMP/htdocs/SyntaxPerfect/app/webroot/index.php(92): Dispatcher->dispatch(Object(CakeRequest), Object(CakeResponse))
#1 {main}
2012-10-15 14:33:03 Error: [MissingControllerException] Controller class JsController could not be found.
#0 /Applications/MAMP/htdocs/SyntaxPerfect/app/webroot/index.php(92): Dispatcher->dispatch(Object(CakeRequest), Object(CakeResponse))
#1 {main}
2012-10-15 14:36:13 Error: [MissingControllerException] Controller class College-finderController could not be found.
#0 /Applications/MAMP/htdocs/SyntaxPerfect/app/webroot/index.php(92): Dispatcher->dispatch(Object(CakeRequest), Object(CakeResponse))
#1 {main}
2012-10-15 14:36:13 Error: [MissingControllerException] Controller class JsController could not be found.
#0 /Applications/MAMP/htdocs/SyntaxPerfect/app/webroot/index.php(92): Dispatcher->dispatch(Object(CakeRequest), Object(CakeResponse))
#1 {main}
2012-10-15 14:36:42 Error: [MissingControllerException] Controller class JsController could not be found.
#0 /Applications/MAMP/htdocs/SyntaxPerfect/app/webroot/index.php(92): Dispatcher->dispatch(Object(CakeRequest), Object(CakeResponse))
#1 {main}
2012-10-15 14:37:06 Error: [MissingControllerException] Controller class JsController could not be found.
#0 /Applications/MAMP/htdocs/SyntaxPerfect/app/webroot/index.php(92): Dispatcher->dispatch(Object(CakeRequest), Object(CakeResponse))
#1 {main}
2012-10-15 14:37:06 Error: [MissingControllerException] Controller class College-finderController could not be found.
#0 /Applications/MAMP/htdocs/SyntaxPerfect/app/webroot/index.php(92): Dispatcher->dispatch(Object(CakeRequest), Object(CakeResponse))
#1 {main}
2012-10-15 14:37:06 Error: [MissingControllerException] Controller class College-finderController could not be found.
#0 /Applications/MAMP/htdocs/SyntaxPerfect/app/webroot/index.php(92): Dispatcher->dispatch(Object(CakeRequest), Object(CakeResponse))
#1 {main}
2012-10-15 14:37:06 Error: [MissingControllerException] Controller class College-finderController could not be found.
#0 /Applications/MAMP/htdocs/SyntaxPerfect/app/webroot/index.php(92): Dispatcher->dispatch(Object(CakeRequest), Object(CakeResponse))
#1 {main}
2012-10-15 14:37:06 Error: [MissingControllerException] Controller class College-finderController could not be found.
#0 /Applications/MAMP/htdocs/SyntaxPerfect/app/webroot/index.php(92): Dispatcher->dispatch(Object(CakeRequest), Object(CakeResponse))
#1 {main}
2012-10-15 14:37:06 Error: [MissingControllerException] Controller class College-finderController could not be found.
#0 /Applications/MAMP/htdocs/SyntaxPerfect/app/webroot/index.php(92): Dispatcher->dispatch(Object(CakeRequest), Object(CakeResponse))
#1 {main}
2012-10-15 14:37:06 Error: [MissingControllerException] Controller class College-finderController could not be found.
#0 /Applications/MAMP/htdocs/SyntaxPerfect/app/webroot/index.php(92): Dispatcher->dispatch(Object(CakeRequest), Object(CakeResponse))
#1 {main}
2012-10-15 14:37:06 Error: [MissingControllerException] Controller class College-finderController could not be found.
#0 /Applications/MAMP/htdocs/SyntaxPerfect/app/webroot/index.php(92): Dispatcher->dispatch(Object(CakeRequest), Object(CakeResponse))
#1 {main}
2012-10-15 14:37:53 Error: [MissingControllerException] Controller class College-finderController could not be found.
#0 /Applications/MAMP/htdocs/SyntaxPerfect/app/webroot/index.php(92): Dispatcher->dispatch(Object(CakeRequest), Object(CakeResponse))
#1 {main}
2012-10-15 14:37:56 Error: [MissingControllerException] Controller class College-finderController could not be found.
#0 /Applications/MAMP/htdocs/SyntaxPerfect/app/webroot/index.php(92): Dispatcher->dispatch(Object(CakeRequest), Object(CakeResponse))
#1 {main}
2012-10-15 14:37:58 Error: [MissingControllerException] Controller class College-finderController could not be found.
#0 /Applications/MAMP/htdocs/SyntaxPerfect/app/webroot/index.php(92): Dispatcher->dispatch(Object(CakeRequest), Object(CakeResponse))
#1 {main}
2012-10-15 14:38:13 Error: [MissingControllerException] Controller class College-finderController could not be found.
#0 /Applications/MAMP/htdocs/SyntaxPerfect/app/webroot/index.php(92): Dispatcher->dispatch(Object(CakeRequest), Object(CakeResponse))
#1 {main}
2012-10-15 14:39:59 Error: [MissingControllerException] Controller class College-finderController could not be found.
#0 /Applications/MAMP/htdocs/SyntaxPerfect/app/webroot/index.php(92): Dispatcher->dispatch(Object(CakeRequest), Object(CakeResponse))
#1 {main}
2012-10-15 14:39:59 Error: [MissingControllerException] Controller class College-finderController could not be found.
#0 /Applications/MAMP/htdocs/SyntaxPerfect/app/webroot/index.php(92): Dispatcher->dispatch(Object(CakeRequest), Object(CakeResponse))
#1 {main}
2012-10-15 14:39:59 Error: [MissingControllerException] Controller class College-finderController could not be found.
#0 /Applications/MAMP/htdocs/SyntaxPerfect/app/webroot/index.php(92): Dispatcher->dispatch(Object(CakeRequest), Object(CakeResponse))
#1 {main}
2012-10-15 14:39:59 Error: [MissingControllerException] Controller class College-finderController could not be found.
#0 /Applications/MAMP/htdocs/SyntaxPerfect/app/webroot/index.php(92): Dispatcher->dispatch(Object(CakeRequest), Object(CakeResponse))
#1 {main}
2012-10-15 14:39:59 Error: [MissingControllerException] Controller class College-finderController could not be found.
#0 /Applications/MAMP/htdocs/SyntaxPerfect/app/webroot/index.php(92): Dispatcher->dispatch(Object(CakeRequest), Object(CakeResponse))
#1 {main}
2012-10-15 14:39:59 Error: [MissingControllerException] Controller class College-finderController could not be found.
#0 /Applications/MAMP/htdocs/SyntaxPerfect/app/webroot/index.php(92): Dispatcher->dispatch(Object(CakeRequest), Object(CakeResponse))
#1 {main}
2012-10-15 14:39:59 Error: [MissingControllerException] Controller class College-finderController could not be found.
#0 /Applications/MAMP/htdocs/SyntaxPerfect/app/webroot/index.php(92): Dispatcher->dispatch(Object(CakeRequest), Object(CakeResponse))
#1 {main}
2012-10-15 14:39:59 Error: [MissingControllerException] Controller class JsController could not be found.
#0 /Applications/MAMP/htdocs/SyntaxPerfect/app/webroot/index.php(92): Dispatcher->dispatch(Object(CakeRequest), Object(CakeResponse))
#1 {main}
2012-10-15 14:40:49 Error: [MissingControllerException] Controller class College-finderController could not be found.
#0 /Applications/MAMP/htdocs/SyntaxPerfect/app/webroot/index.php(92): Dispatcher->dispatch(Object(CakeRequest), Object(CakeResponse))
#1 {main}
2012-10-15 14:40:49 Error: [MissingControllerException] Controller class College-finderController could not be found.
#0 /Applications/MAMP/htdocs/SyntaxPerfect/app/webroot/index.php(92): Dispatcher->dispatch(Object(CakeRequest), Object(CakeResponse))
#1 {main}
2012-10-15 14:40:49 Error: [MissingControllerException] Controller class College-finderController could not be found.
#0 /Applications/MAMP/htdocs/SyntaxPerfect/app/webroot/index.php(92): Dispatcher->dispatch(Object(CakeRequest), Object(CakeResponse))
#1 {main}
2012-10-15 14:40:49 Error: [MissingControllerException] Controller class College-finderController could not be found.
#0 /Applications/MAMP/htdocs/SyntaxPerfect/app/webroot/index.php(92): Dispatcher->dispatch(Object(CakeRequest), Object(CakeResponse))
#1 {main}
2012-10-15 14:40:49 Error: [MissingControllerException] Controller class JsController could not be found.
#0 /Applications/MAMP/htdocs/SyntaxPerfect/app/webroot/index.php(92): Dispatcher->dispatch(Object(CakeRequest), Object(CakeResponse))
#1 {main}
2012-10-15 14:40:49 Error: [MissingControllerException] Controller class College-finderController could not be found.
#0 /Applications/MAMP/htdocs/SyntaxPerfect/app/webroot/index.php(92): Dispatcher->dispatch(Object(CakeRequest), Object(CakeResponse))
#1 {main}
2012-10-15 14:40:49 Error: [MissingControllerException] Controller class College-finderController could not be found.
#0 /Applications/MAMP/htdocs/SyntaxPerfect/app/webroot/index.php(92): Dispatcher->dispatch(Object(CakeRequest), Object(CakeResponse))
#1 {main}
2012-10-15 14:40:49 Error: [MissingControllerException] Controller class College-finderController could not be found.
#0 /Applications/MAMP/htdocs/SyntaxPerfect/app/webroot/index.php(92): Dispatcher->dispatch(Object(CakeRequest), Object(CakeResponse))
#1 {main}
2012-10-15 14:43:28 Error: [MissingControllerException] Controller class College-finderController could not be found.
#0 /Applications/MAMP/htdocs/SyntaxPerfect/app/webroot/index.php(92): Dispatcher->dispatch(Object(CakeRequest), Object(CakeResponse))
#1 {main}
2012-10-15 14:43:28 Error: [MissingControllerException] Controller class College-finderController could not be found.
#0 /Applications/MAMP/htdocs/SyntaxPerfect/app/webroot/index.php(92): Dispatcher->dispatch(Object(CakeRequest), Object(CakeResponse))
#1 {main}
2012-10-15 14:43:28 Error: [MissingControllerException] Controller class College-finderController could not be found.
#0 /Applications/MAMP/htdocs/SyntaxPerfect/app/webroot/index.php(92): Dispatcher->dispatch(Object(CakeRequest), Object(CakeResponse))
#1 {main}
2012-10-15 14:43:28 Error: [MissingControllerException] Controller class College-finderController could not be found.
#0 /Applications/MAMP/htdocs/SyntaxPerfect/app/webroot/index.php(92): Dispatcher->dispatch(Object(CakeRequest), Object(CakeResponse))
#1 {main}
2012-10-15 14:43:28 Error: [MissingControllerException] Controller class College-finderController could not be found.
#0 /Applications/MAMP/htdocs/SyntaxPerfect/app/webroot/index.php(92): Dispatcher->dispatch(Object(CakeRequest), Object(CakeResponse))
#1 {main}
2012-10-15 14:43:28 Error: [MissingControllerException] Controller class College-finderController could not be found.
#0 /Applications/MAMP/htdocs/SyntaxPerfect/app/webroot/index.php(92): Dispatcher->dispatch(Object(CakeRequest), Object(CakeResponse))
#1 {main}
2012-10-15 14:43:28 Error: [MissingControllerException] Controller class College-finderController could not be found.
#0 /Applications/MAMP/htdocs/SyntaxPerfect/app/webroot/index.php(92): Dispatcher->dispatch(Object(CakeRequest), Object(CakeResponse))
#1 {main}
2012-10-15 14:43:28 Error: [MissingControllerException] Controller class JsController could not be found.
#0 /Applications/MAMP/htdocs/SyntaxPerfect/app/webroot/index.php(92): Dispatcher->dispatch(Object(CakeRequest), Object(CakeResponse))
#1 {main}
2012-10-15 14:44:15 Error: [MissingControllerException] Controller class JsController could not be found.
#0 /Applications/MAMP/htdocs/SyntaxPerfect/app/webroot/index.php(92): Dispatcher->dispatch(Object(CakeRequest), Object(CakeResponse))
#1 {main}
2012-10-15 14:44:15 Error: [MissingControllerException] Controller class College-finderController could not be found.
#0 /Applications/MAMP/htdocs/SyntaxPerfect/app/webroot/index.php(92): Dispatcher->dispatch(Object(CakeRequest), Object(CakeResponse))
#1 {main}
2012-10-15 14:44:15 Error: [MissingControllerException] Controller class College-finderController could not be found.
#0 /Applications/MAMP/htdocs/SyntaxPerfect/app/webroot/index.php(92): Dispatcher->dispatch(Object(CakeRequest), Object(CakeResponse))
#1 {main}
2012-10-15 14:44:15 Error: [MissingControllerException] Controller class College-finderController could not be found.
#0 /Applications/MAMP/htdocs/SyntaxPerfect/app/webroot/index.php(92): Dispatcher->dispatch(Object(CakeRequest), Object(CakeResponse))
#1 {main}
2012-10-15 14:44:15 Error: [MissingControllerException] Controller class College-finderController could not be found.
#0 /Applications/MAMP/htdocs/SyntaxPerfect/app/webroot/index.php(92): Dispatcher->dispatch(Object(CakeRequest), Object(CakeResponse))
#1 {main}
2012-10-15 14:44:15 Error: [MissingControllerException] Controller class College-finderController could not be found.
#0 /Applications/MAMP/htdocs/SyntaxPerfect/app/webroot/index.php(92): Dispatcher->dispatch(Object(CakeRequest), Object(CakeResponse))
#1 {main}
2012-10-15 14:44:15 Error: [MissingControllerException] Controller class College-finderController could not be found.
#0 /Applications/MAMP/htdocs/SyntaxPerfect/app/webroot/index.php(92): Dispatcher->dispatch(Object(CakeRequest), Object(CakeResponse))
#1 {main}
2012-10-15 14:44:15 Error: [MissingControllerException] Controller class College-finderController could not be found.
#0 /Applications/MAMP/htdocs/SyntaxPerfect/app/webroot/index.php(92): Dispatcher->dispatch(Object(CakeRequest), Object(CakeResponse))
#1 {main}
2012-10-15 14:44:17 Error: [MissingControllerException] Controller class JsController could not be found.
#0 /Applications/MAMP/htdocs/SyntaxPerfect/app/webroot/index.php(92): Dispatcher->dispatch(Object(CakeRequest), Object(CakeResponse))
#1 {main}
2012-10-15 14:44:17 Error: [MissingControllerException] Controller class College-finderController could not be found.
#0 /Applications/MAMP/htdocs/SyntaxPerfect/app/webroot/index.php(92): Dispatcher->dispatch(Object(CakeRequest), Object(CakeResponse))
#1 {main}
2012-10-15 14:44:17 Error: [MissingControllerException] Controller class College-finderController could not be found.
#0 /Applications/MAMP/htdocs/SyntaxPerfect/app/webroot/index.php(92): Dispatcher->dispatch(Object(CakeRequest), Object(CakeResponse))
#1 {main}
2012-10-15 14:44:17 Error: [MissingControllerException] Controller class College-finderController could not be found.
#0 /Applications/MAMP/htdocs/SyntaxPerfect/app/webroot/index.php(92): Dispatcher->dispatch(Object(CakeRequest), Object(CakeResponse))
#1 {main}
2012-10-15 14:44:17 Error: [MissingControllerException] Controller class College-finderController could not be found.
#0 /Applications/MAMP/htdocs/SyntaxPerfect/app/webroot/index.php(92): Dispatcher->dispatch(Object(CakeRequest), Object(CakeResponse))
#1 {main}
2012-10-15 14:44:17 Error: [MissingControllerException] Controller class College-finderController could not be found.
#0 /Applications/MAMP/htdocs/SyntaxPerfect/app/webroot/index.php(92): Dispatcher->dispatch(Object(CakeRequest), Object(CakeResponse))
#1 {main}
2012-10-15 14:44:17 Error: [MissingControllerException] Controller class College-finderController could not be found.
#0 /Applications/MAMP/htdocs/SyntaxPerfect/app/webroot/index.php(92): Dispatcher->dispatch(Object(CakeRequest), Object(CakeResponse))
#1 {main}
2012-10-15 14:44:17 Error: [MissingControllerException] Controller class College-finderController could not be found.
#0 /Applications/MAMP/htdocs/SyntaxPerfect/app/webroot/index.php(92): Dispatcher->dispatch(Object(CakeRequest), Object(CakeResponse))
#1 {main}
2012-10-15 14:44:48 Error: [MissingControllerException] Controller class College-finderController could not be found.
#0 /Applications/MAMP/htdocs/SyntaxPerfect/app/webroot/index.php(92): Dispatcher->dispatch(Object(CakeRequest), Object(CakeResponse))
#1 {main}
2012-10-15 14:44:48 Error: [MissingControllerException] Controller class College-finderController could not be found.
#0 /Applications/MAMP/htdocs/SyntaxPerfect/app/webroot/index.php(92): Dispatcher->dispatch(Object(CakeRequest), Object(CakeResponse))
#1 {main}
2012-10-15 14:44:48 Error: [MissingControllerException] Controller class College-finderController could not be found.
#0 /Applications/MAMP/htdocs/SyntaxPerfect/app/webroot/index.php(92): Dispatcher->dispatch(Object(CakeRequest), Object(CakeResponse))
#1 {main}
2012-10-15 14:44:48 Error: [MissingControllerException] Controller class College-finderController could not be found.
#0 /Applications/MAMP/htdocs/SyntaxPerfect/app/webroot/index.php(92): Dispatcher->dispatch(Object(CakeRequest), Object(CakeResponse))
#1 {main}
2012-10-15 14:44:48 Error: [MissingControllerException] Controller class College-finderController could not be found.
#0 /Applications/MAMP/htdocs/SyntaxPerfect/app/webroot/index.php(92): Dispatcher->dispatch(Object(CakeRequest), Object(CakeResponse))
#1 {main}
2012-10-15 14:44:48 Error: [MissingControllerException] Controller class College-finderController could not be found.
#0 /Applications/MAMP/htdocs/SyntaxPerfect/app/webroot/index.php(92): Dispatcher->dispatch(Object(CakeRequest), Object(CakeResponse))
#1 {main}
2012-10-15 14:44:48 Error: [MissingControllerException] Controller class College-finderController could not be found.
#0 /Applications/MAMP/htdocs/SyntaxPerfect/app/webroot/index.php(92): Dispatcher->dispatch(Object(CakeRequest), Object(CakeResponse))
#1 {main}
2012-10-15 14:44:48 Error: [MissingControllerException] Controller class College-finderController could not be found.
#0 /Applications/MAMP/htdocs/SyntaxPerfect/app/webroot/index.php(92): Dispatcher->dispatch(Object(CakeRequest), Object(CakeResponse))
#1 {main}
2012-10-15 14:44:48 Error: [MissingControllerException] Controller class JsController could not be found.
#0 /Applications/MAMP/htdocs/SyntaxPerfect/app/webroot/index.php(92): Dispatcher->dispatch(Object(CakeRequest), Object(CakeResponse))
#1 {main}
2012-10-15 14:44:50 Error: [MissingControllerException] Controller class College-finderController could not be found.
#0 /Applications/MAMP/htdocs/SyntaxPerfect/app/webroot/index.php(92): Dispatcher->dispatch(Object(CakeRequest), Object(CakeResponse))
#1 {main}
2012-10-15 14:44:50 Error: [MissingControllerException] Controller class College-finderController could not be found.
#0 /Applications/MAMP/htdocs/SyntaxPerfect/app/webroot/index.php(92): Dispatcher->dispatch(Object(CakeRequest), Object(CakeResponse))
#1 {main}
2012-10-15 14:44:50 Error: [MissingControllerException] Controller class College-finderController could not be found.
#0 /Applications/MAMP/htdocs/SyntaxPerfect/app/webroot/index.php(92): Dispatcher->dispatch(Object(CakeRequest), Object(CakeResponse))
#1 {main}
2012-10-15 14:44:50 Error: [MissingControllerException] Controller class College-finderController could not be found.
#0 /Applications/MAMP/htdocs/SyntaxPerfect/app/webroot/index.php(92): Dispatcher->dispatch(Object(CakeRequest), Object(CakeResponse))
#1 {main}
2012-10-15 14:44:50 Error: [MissingControllerException] Controller class College-finderController could not be found.
#0 /Applications/MAMP/htdocs/SyntaxPerfect/app/webroot/index.php(92): Dispatcher->dispatch(Object(CakeRequest), Object(CakeResponse))
#1 {main}
2012-10-15 14:44:50 Error: [MissingControllerException] Controller class College-finderController could not be found.
#0 /Applications/MAMP/htdocs/SyntaxPerfect/app/webroot/index.php(92): Dispatcher->dispatch(Object(CakeRequest), Object(CakeResponse))
#1 {main}
2012-10-15 14:44:50 Error: [MissingControllerException] Controller class College-finderController could not be found.
#0 /Applications/MAMP/htdocs/SyntaxPerfect/app/webroot/index.php(92): Dispatcher->dispatch(Object(CakeRequest), Object(CakeResponse))
#1 {main}
2012-10-15 14:44:50 Error: [MissingControllerException] Controller class JsController could not be found.
#0 /Applications/MAMP/htdocs/SyntaxPerfect/app/webroot/index.php(92): Dispatcher->dispatch(Object(CakeRequest), Object(CakeResponse))
#1 {main}
2012-10-15 14:44:50 Error: [MissingControllerException] Controller class College-finderController could not be found.
#0 /Applications/MAMP/htdocs/SyntaxPerfect/app/webroot/index.php(92): Dispatcher->dispatch(Object(CakeRequest), Object(CakeResponse))
#1 {main}
2012-10-15 14:44:52 Error: [MissingControllerException] Controller class JsController could not be found.
#0 /Applications/MAMP/htdocs/SyntaxPerfect/app/webroot/index.php(92): Dispatcher->dispatch(Object(CakeRequest), Object(CakeResponse))
#1 {main}
2012-10-15 14:44:52 Error: [MissingControllerException] Controller class College-finderController could not be found.
#0 /Applications/MAMP/htdocs/SyntaxPerfect/app/webroot/index.php(92): Dispatcher->dispatch(Object(CakeRequest), Object(CakeResponse))
#1 {main}
2012-10-15 14:44:52 Error: [MissingControllerException] Controller class College-finderController could not be found.
#0 /Applications/MAMP/htdocs/SyntaxPerfect/app/webroot/index.php(92): Dispatcher->dispatch(Object(CakeRequest), Object(CakeResponse))
#1 {main}
2012-10-15 14:44:52 Error: [MissingControllerException] Controller class College-finderController could not be found.
#0 /Applications/MAMP/htdocs/SyntaxPerfect/app/webroot/index.php(92): Dispatcher->dispatch(Object(CakeRequest), Object(CakeResponse))
#1 {main}
2012-10-15 14:44:52 Error: [MissingControllerException] Controller class College-finderController could not be found.
#0 /Applications/MAMP/htdocs/SyntaxPerfect/app/webroot/index.php(92): Dispatcher->dispatch(Object(CakeRequest), Object(CakeResponse))
#1 {main}
2012-10-15 14:44:52 Error: [MissingControllerException] Controller class College-finderController could not be found.
#0 /Applications/MAMP/htdocs/SyntaxPerfect/app/webroot/index.php(92): Dispatcher->dispatch(Object(CakeRequest), Object(CakeResponse))
#1 {main}
2012-10-15 14:44:52 Error: [MissingControllerException] Controller class College-finderController could not be found.
#0 /Applications/MAMP/htdocs/SyntaxPerfect/app/webroot/index.php(92): Dispatcher->dispatch(Object(CakeRequest), Object(CakeResponse))
#1 {main}
2012-10-15 14:44:52 Error: [MissingControllerException] Controller class College-finderController could not be found.
#0 /Applications/MAMP/htdocs/SyntaxPerfect/app/webroot/index.php(92): Dispatcher->dispatch(Object(CakeRequest), Object(CakeResponse))
#1 {main}
2012-10-15 14:44:52 Error: [MissingControllerException] Controller class College-finderController could not be found.
#0 /Applications/MAMP/htdocs/SyntaxPerfect/app/webroot/index.php(92): Dispatcher->dispatch(Object(CakeRequest), Object(CakeResponse))
#1 {main}
2012-10-15 14:45:14 Error: [MissingControllerException] Controller class JsController could not be found.
#0 /Applications/MAMP/htdocs/SyntaxPerfect/app/webroot/index.php(92): Dispatcher->dispatch(Object(CakeRequest), Object(CakeResponse))
#1 {main}
2012-10-15 14:47:51 Error: [MissingControllerException] Controller class JsController could not be found.
#0 /Applications/MAMP/htdocs/SyntaxPerfect/app/webroot/index.php(92): Dispatcher->dispatch(Object(CakeRequest), Object(CakeResponse))
#1 {main}
2012-10-15 14:48:56 Error: [MissingControllerException] Controller class JsController could not be found.
#0 /Applications/MAMP/htdocs/SyntaxPerfect/app/webroot/index.php(92): Dispatcher->dispatch(Object(CakeRequest), Object(CakeResponse))
#1 {main}
2012-10-15 14:54:22 Error: [MissingControllerException] Controller class JsController could not be found.
#0 /Applications/MAMP/htdocs/SyntaxPerfect/app/webroot/index.php(92): Dispatcher->dispatch(Object(CakeRequest), Object(CakeResponse))
#1 {main}
2012-10-15 14:54:30 Error: [MissingControllerException] Controller class JsController could not be found.
#0 /Applications/MAMP/htdocs/SyntaxPerfect/app/webroot/index.php(92): Dispatcher->dispatch(Object(CakeRequest), Object(CakeResponse))
#1 {main}
2012-10-15 14:55:09 Error: [MissingControllerException] Controller class JsController could not be found.
#0 /Applications/MAMP/htdocs/SyntaxPerfect/app/webroot/index.php(92): Dispatcher->dispatch(Object(CakeRequest), Object(CakeResponse))
#1 {main}
2012-10-15 14:56:00 Error: [MissingControllerException] Controller class JsController could not be found.
#0 /Applications/MAMP/htdocs/SyntaxPerfect/app/webroot/index.php(92): Dispatcher->dispatch(Object(CakeRequest), Object(CakeResponse))
#1 {main}
2012-10-15 14:57:33 Error: [MissingControllerException] Controller class JsController could not be found.
#0 /Applications/MAMP/htdocs/SyntaxPerfect/app/webroot/index.php(92): Dispatcher->dispatch(Object(CakeRequest), Object(CakeResponse))
#1 {main}
2012-10-15 14:58:06 Error: [MissingControllerException] Controller class JsController could not be found.
#0 /Applications/MAMP/htdocs/SyntaxPerfect/app/webroot/index.php(92): Dispatcher->dispatch(Object(CakeRequest), Object(CakeResponse))
#1 {main}
2012-10-15 16:30:24 Error: [MissingControllerException] Controller class College-finderController could not be found.
#0 /Applications/MAMP/htdocs/SyntaxPerfect/app/webroot/index.php(92): Dispatcher->dispatch(Object(CakeRequest), Object(CakeResponse))
#1 {main}
2012-10-16 14:33:51 Error: [MissingControllerException] Controller class College-finderController could not be found.
#0 /Applications/MAMP/htdocs/SyntaxPerfect/app/webroot/index.php(92): Dispatcher->dispatch(Object(CakeRequest), Object(CakeResponse))
#1 {main}
2012-10-19 13:11:56 Error: [MissingControllerException] Controller class JsController could not be found.
#0 /Applications/MAMP/htdocs/SyntaxPerfect/app/webroot/index.php(92): Dispatcher->dispatch(Object(CakeRequest), Object(CakeResponse))
#1 {main}
2012-10-19 13:12:08 Error: [MissingControllerException] Controller class JsController could not be found.
#0 /Applications/MAMP/htdocs/SyntaxPerfect/app/webroot/index.php(92): Dispatcher->dispatch(Object(CakeRequest), Object(CakeResponse))
#1 {main}
2012-10-19 13:12:56 Error: [MissingControllerException] Controller class JsController could not be found.
#0 /Applications/MAMP/htdocs/SyntaxPerfect/app/webroot/index.php(92): Dispatcher->dispatch(Object(CakeRequest), Object(CakeResponse))
#1 {main}
2012-10-19 13:13:02 Error: [MissingControllerException] Controller class JsController could not be found.
#0 /Applications/MAMP/htdocs/SyntaxPerfect/app/webroot/index.php(92): Dispatcher->dispatch(Object(CakeRequest), Object(CakeResponse))
#1 {main}
2012-10-19 13:13:54 Error: [MissingControllerException] Controller class JsController could not be found.
#0 /Applications/MAMP/htdocs/SyntaxPerfect/app/webroot/index.php(92): Dispatcher->dispatch(Object(CakeRequest), Object(CakeResponse))
#1 {main}
2012-10-31 17:26:23 Error: [MissingControllerException] Controller class MediaController could not be found.
#0 /Applications/MAMP/htdocs/SyntaxPerfect/app/webroot/index.php(92): Dispatcher->dispatch(Object(CakeRequest), Object(CakeResponse))
#1 {main}
2012-10-31 17:26:23 Error: [MissingControllerException] Controller class MediaController could not be found.
#0 /Applications/MAMP/htdocs/SyntaxPerfect/app/webroot/index.php(92): Dispatcher->dispatch(Object(CakeRequest), Object(CakeResponse))
#1 {main}
2012-10-31 17:26:23 Error: [MissingControllerException] Controller class MediaController could not be found.
#0 /Applications/MAMP/htdocs/SyntaxPerfect/app/webroot/index.php(92): Dispatcher->dispatch(Object(CakeRequest), Object(CakeResponse))
#1 {main}
2012-10-31 17:26:23 Error: [MissingControllerException] Controller class MediaController could not be found.
#0 /Applications/MAMP/htdocs/SyntaxPerfect/app/webroot/index.php(92): Dispatcher->dispatch(Object(CakeRequest), Object(CakeResponse))
#1 {main}
2012-10-31 17:28:03 Error: [MissingControllerException] Controller class MediaController could not be found.
#0 /Applications/MAMP/htdocs/SyntaxPerfect/app/webroot/index.php(92): Dispatcher->dispatch(Object(CakeRequest), Object(CakeResponse))
#1 {main}
2012-10-31 17:28:03 Error: [MissingControllerException] Controller class MediaController could not be found.
#0 /Applications/MAMP/htdocs/SyntaxPerfect/app/webroot/index.php(92): Dispatcher->dispatch(Object(CakeRequest), Object(CakeResponse))
#1 {main}
2012-10-31 17:28:03 Error: [MissingControllerException] Controller class MediaController could not be found.
#0 /Applications/MAMP/htdocs/SyntaxPerfect/app/webroot/index.php(92): Dispatcher->dispatch(Object(CakeRequest), Object(CakeResponse))
#1 {main}
2012-10-31 17:29:01 Error: [MissingControllerException] Controller class MediaController could not be found.
#0 /Applications/MAMP/htdocs/SyntaxPerfect/app/webroot/index.php(92): Dispatcher->dispatch(Object(CakeRequest), Object(CakeResponse))
#1 {main}
2012-10-31 17:29:01 Error: [MissingControllerException] Controller class MediaController could not be found.
#0 /Applications/MAMP/htdocs/SyntaxPerfect/app/webroot/index.php(92): Dispatcher->dispatch(Object(CakeRequest), Object(CakeResponse))
#1 {main}
2012-10-31 17:29:01 Error: [MissingControllerException] Controller class MediaController could not be found.
#0 /Applications/MAMP/htdocs/SyntaxPerfect/app/webroot/index.php(92): Dispatcher->dispatch(Object(CakeRequest), Object(CakeResponse))
#1 {main}
2012-10-31 17:31:06 Error: [MissingControllerException] Controller class MediaController could not be found.
#0 /Applications/MAMP/htdocs/SyntaxPerfect/app/webroot/index.php(92): Dispatcher->dispatch(Object(CakeRequest), Object(CakeResponse))
#1 {main}
2012-10-31 17:31:06 Error: [MissingControllerException] Controller class MediaController could not be found.
#0 /Applications/MAMP/htdocs/SyntaxPerfect/app/webroot/index.php(92): Dispatcher->dispatch(Object(CakeRequest), Object(CakeResponse))
#1 {main}
2012-10-31 17:31:06 Error: [MissingControllerException] Controller class MediaController could not be found.
#0 /Applications/MAMP/htdocs/SyntaxPerfect/app/webroot/index.php(92): Dispatcher->dispatch(Object(CakeRequest), Object(CakeResponse))
#1 {main}
2012-10-31 17:31:56 Error: [MissingControllerException] Controller class MediaController could not be found.
#0 /Applications/MAMP/htdocs/SyntaxPerfect/app/webroot/index.php(92): Dispatcher->dispatch(Object(CakeRequest), Object(CakeResponse))
#1 {main}
2012-10-31 17:31:56 Error: [MissingControllerException] Controller class MediaController could not be found.
#0 /Applications/MAMP/htdocs/SyntaxPerfect/app/webroot/index.php(92): Dispatcher->dispatch(Object(CakeRequest), Object(CakeResponse))
#1 {main}
2012-10-31 17:31:56 Error: [MissingControllerException] Controller class MediaController could not be found.
#0 /Applications/MAMP/htdocs/SyntaxPerfect/app/webroot/index.php(92): Dispatcher->dispatch(Object(CakeRequest), Object(CakeResponse))
#1 {main}
2012-10-31 17:35:53 Error: [MissingControllerException] Controller class MediaController could not be found.
#0 /Applications/MAMP/htdocs/SyntaxPerfect/app/webroot/index.php(92): Dispatcher->dispatch(Object(CakeRequest), Object(CakeResponse))
#1 {main}
2012-10-31 17:35:53 Error: [MissingControllerException] Controller class MediaController could not be found.
#0 /Applications/MAMP/htdocs/SyntaxPerfect/app/webroot/index.php(92): Dispatcher->dispatch(Object(CakeRequest), Object(CakeResponse))
#1 {main}
2012-10-31 17:35:53 Error: [MissingControllerException] Controller class MediaController could not be found.
#0 /Applications/MAMP/htdocs/SyntaxPerfect/app/webroot/index.php(92): Dispatcher->dispatch(Object(CakeRequest), Object(CakeResponse))
#1 {main}
2012-10-31 17:45:31 Error: [MissingControllerException] Controller class MediaController could not be found.
#0 /Applications/MAMP/htdocs/SyntaxPerfect/app/webroot/index.php(92): Dispatcher->dispatch(Object(CakeRequest), Object(CakeResponse))
#1 {main}
2012-10-31 17:45:31 Error: [MissingControllerException] Controller class MediaController could not be found.
#0 /Applications/MAMP/htdocs/SyntaxPerfect/app/webroot/index.php(92): Dispatcher->dispatch(Object(CakeRequest), Object(CakeResponse))
#1 {main}
2012-10-31 17:45:31 Error: [MissingControllerException] Controller class MediaController could not be found.
#0 /Applications/MAMP/htdocs/SyntaxPerfect/app/webroot/index.php(92): Dispatcher->dispatch(Object(CakeRequest), Object(CakeResponse))
#1 {main}
2012-10-31 17:51:04 Error: [MissingControllerException] Controller class MediaController could not be found.
#0 /Applications/MAMP/htdocs/SyntaxPerfect/app/webroot/index.php(92): Dispatcher->dispatch(Object(CakeRequest), Object(CakeResponse))
#1 {main}
2012-10-31 17:51:04 Error: [MissingControllerException] Controller class MediaController could not be found.
#0 /Applications/MAMP/htdocs/SyntaxPerfect/app/webroot/index.php(92): Dispatcher->dispatch(Object(CakeRequest), Object(CakeResponse))
#1 {main}
2012-10-31 17:51:04 Error: [MissingControllerException] Controller class MediaController could not be found.
#0 /Applications/MAMP/htdocs/SyntaxPerfect/app/webroot/index.php(92): Dispatcher->dispatch(Object(CakeRequest), Object(CakeResponse))
#1 {main}
2012-10-31 19:29:51 Error: [MissingControllerException] Controller class Red-brownController could not be found.
#0 /Applications/MAMP/htdocs/SyntaxPerfect/app/webroot/index.php(92): Dispatcher->dispatch(Object(CakeRequest), Object(CakeResponse))
#1 {main}
2012-10-31 19:30:04 Error: [MissingControllerException] Controller class Red-brownController could not be found.
#0 /Applications/MAMP/htdocs/SyntaxPerfect/app/webroot/index.php(92): Dispatcher->dispatch(Object(CakeRequest), Object(CakeResponse))
#1 {main}
2012-10-31 19:30:06 Error: [MissingControllerException] Controller class Red-brownController could not be found.
#0 /Applications/MAMP/htdocs/SyntaxPerfect/app/webroot/index.php(92): Dispatcher->dispatch(Object(CakeRequest), Object(CakeResponse))
#1 {main}
2012-10-31 23:06:37 Error: [MissingControllerException] Controller class MediaController could not be found.
#0 /Applications/MAMP/htdocs/SyntaxPerfect/app/webroot/index.php(92): Dispatcher->dispatch(Object(CakeRequest), Object(CakeResponse))
#1 {main}
2012-10-31 23:07:04 Error: [MissingControllerException] Controller class MediaController could not be found.
#0 /Applications/MAMP/htdocs/SyntaxPerfect/app/webroot/index.php(92): Dispatcher->dispatch(Object(CakeRequest), Object(CakeResponse))
#1 {main}
2012-10-31 23:08:18 Error: [MissingControllerException] Controller class MediaController could not be found.
#0 /Applications/MAMP/htdocs/SyntaxPerfect/app/webroot/index.php(92): Dispatcher->dispatch(Object(CakeRequest), Object(CakeResponse))
#1 {main}
2012-10-31 23:12:01 Error: [MissingControllerException] Controller class MediaController could not be found.
#0 /Applications/MAMP/htdocs/SyntaxPerfect/app/webroot/index.php(92): Dispatcher->dispatch(Object(CakeRequest), Object(CakeResponse))
#1 {main}
2012-10-31 23:12:43 Error: [MissingControllerException] Controller class MediaController could not be found.
#0 /Applications/MAMP/htdocs/SyntaxPerfect/app/webroot/index.php(92): Dispatcher->dispatch(Object(CakeRequest), Object(CakeResponse))
#1 {main}
2012-10-31 23:14:40 Error: [MissingControllerException] Controller class MediaController could not be found.
#0 /Applications/MAMP/htdocs/SyntaxPerfect/app/webroot/index.php(92): Dispatcher->dispatch(Object(CakeRequest), Object(CakeResponse))
#1 {main}
2012-11-01 20:03:01 Error: [MissingControllerException] Controller class ImagesController could not be found.
#0 /Applications/MAMP/htdocs/SyntaxPerfect/app/webroot/index.php(92): Dispatcher->dispatch(Object(CakeRequest), Object(CakeResponse))
#1 {main}
2012-11-01 20:05:01 Error: [MissingControllerException] Controller class ImagesController could not be found.
#0 /Applications/MAMP/htdocs/SyntaxPerfect/app/webroot/index.php(92): Dispatcher->dispatch(Object(CakeRequest), Object(CakeResponse))
#1 {main}
2012-11-04 11:53:00 Error: [MissingControllerException] Controller class Red-baronController could not be found.
#0 /Applications/MAMP/htdocs/SyntaxPerfect/app/webroot/index.php(92): Dispatcher->dispatch(Object(CakeRequest), Object(CakeResponse))
#1 {main}
2012-11-04 12:05:35 Error: [MissingControllerException] Controller class Red-baronController could not be found.
#0 /Applications/MAMP/htdocs/SyntaxPerfect/app/webroot/index.php(92): Dispatcher->dispatch(Object(CakeRequest), Object(CakeResponse))
#1 {main}
2012-11-04 23:02:10 Error: [MissingControllerException] Controller class Red-baronController could not be found.
#0 /Applications/MAMP/htdocs/SyntaxPerfect/app/webroot/index.php(92): Dispatcher->dispatch(Object(CakeRequest), Object(CakeResponse))
#1 {main}
2012-11-05 12:30:24 Error: [MissingControllerException] Controller class JsController could not be found.
#0 /Applications/MAMP/htdocs/SyntaxPerfect/app/webroot/index.php(92): Dispatcher->dispatch(Object(CakeRequest), Object(CakeResponse))
#1 {main}
2012-11-05 12:30:24 Error: [MissingControllerException] Controller class CssController could not be found.
#0 /Applications/MAMP/htdocs/SyntaxPerfect/app/webroot/index.php(92): Dispatcher->dispatch(Object(CakeRequest), Object(CakeResponse))
#1 {main}
2012-11-05 12:30:24 Error: [MissingControllerException] Controller class JsController could not be found.
#0 /Applications/MAMP/htdocs/SyntaxPerfect/app/webroot/index.php(92): Dispatcher->dispatch(Object(CakeRequest), Object(CakeResponse))
#1 {main}
2012-11-05 12:30:30 Error: [MissingControllerException] Controller class CssController could not be found.
#0 /Applications/MAMP/htdocs/SyntaxPerfect/app/webroot/index.php(92): Dispatcher->dispatch(Object(CakeRequest), Object(CakeResponse))
#1 {main}
2012-11-05 12:30:30 Error: [MissingControllerException] Controller class JsController could not be found.
#0 /Applications/MAMP/htdocs/SyntaxPerfect/app/webroot/index.php(92): Dispatcher->dispatch(Object(CakeRequest), Object(CakeResponse))
#1 {main}
2012-11-05 12:30:30 Error: [MissingControllerException] Controller class JsController could not be found.
#0 /Applications/MAMP/htdocs/SyntaxPerfect/app/webroot/index.php(92): Dispatcher->dispatch(Object(CakeRequest), Object(CakeResponse))
#1 {main}
2012-11-05 12:31:09 Error: [MissingControllerException] Controller class JsController could not be found.
#0 /Applications/MAMP/htdocs/SyntaxPerfect/app/webroot/index.php(92): Dispatcher->dispatch(Object(CakeRequest), Object(CakeResponse))
#1 {main}
2012-11-05 12:31:09 Error: [MissingControllerException] Controller class CssController could not be found.
#0 /Applications/MAMP/htdocs/SyntaxPerfect/app/webroot/index.php(92): Dispatcher->dispatch(Object(CakeRequest), Object(CakeResponse))
#1 {main}
2012-11-05 12:31:09 Error: [MissingControllerException] Controller class JsController could not be found.
#0 /Applications/MAMP/htdocs/SyntaxPerfect/app/webroot/index.php(92): Dispatcher->dispatch(Object(CakeRequest), Object(CakeResponse))
#1 {main}
2012-11-05 12:31:12 Error: [MissingControllerException] Controller class JsController could not be found.
#0 /Applications/MAMP/htdocs/SyntaxPerfect/app/webroot/index.php(92): Dispatcher->dispatch(Object(CakeRequest), Object(CakeResponse))
#1 {main}
2012-11-05 12:31:12 Error: [MissingControllerException] Controller class JsController could not be found.
#0 /Applications/MAMP/htdocs/SyntaxPerfect/app/webroot/index.php(92): Dispatcher->dispatch(Object(CakeRequest), Object(CakeResponse))
#1 {main}
2012-11-05 12:31:12 Error: [MissingControllerException] Controller class CssController could not be found.
#0 /Applications/MAMP/htdocs/SyntaxPerfect/app/webroot/index.php(92): Dispatcher->dispatch(Object(CakeRequest), Object(CakeResponse))
#1 {main}
2012-11-05 12:31:14 Error: [MissingControllerException] Controller class JsController could not be found.
#0 /Applications/MAMP/htdocs/SyntaxPerfect/app/webroot/index.php(92): Dispatcher->dispatch(Object(CakeRequest), Object(CakeResponse))
#1 {main}
2012-11-05 12:31:14 Error: [MissingControllerException] Controller class CssController could not be found.
#0 /Applications/MAMP/htdocs/SyntaxPerfect/app/webroot/index.php(92): Dispatcher->dispatch(Object(CakeRequest), Object(CakeResponse))
#1 {main}
2012-11-05 12:31:14 Error: [MissingControllerException] Controller class JsController could not be found.
#0 /Applications/MAMP/htdocs/SyntaxPerfect/app/webroot/index.php(92): Dispatcher->dispatch(Object(CakeRequest), Object(CakeResponse))
#1 {main}
2012-11-05 12:31:34 Error: [MissingControllerException] Controller class JsController could not be found.
#0 /Applications/MAMP/htdocs/SyntaxPerfect/app/webroot/index.php(92): Dispatcher->dispatch(Object(CakeRequest), Object(CakeResponse))
#1 {main}
2012-11-05 12:31:34 Error: [MissingControllerException] Controller class JsController could not be found.
#0 /Applications/MAMP/htdocs/SyntaxPerfect/app/webroot/index.php(92): Dispatcher->dispatch(Object(CakeRequest), Object(CakeResponse))
#1 {main}
2012-11-05 12:31:34 Error: [MissingControllerException] Controller class CssController could not be found.
#0 /Applications/MAMP/htdocs/SyntaxPerfect/app/webroot/index.php(92): Dispatcher->dispatch(Object(CakeRequest), Object(CakeResponse))
#1 {main}
2012-11-05 12:31:45 Error: [MissingControllerException] Controller class JsController could not be found.
#0 /Applications/MAMP/htdocs/SyntaxPerfect/app/webroot/index.php(92): Dispatcher->dispatch(Object(CakeRequest), Object(CakeResponse))
#1 {main}
2012-11-05 12:32:08 Error: [MissingControllerException] Controller class JsController could not be found.
#0 /Applications/MAMP/htdocs/SyntaxPerfect/app/webroot/index.php(92): Dispatcher->dispatch(Object(CakeRequest), Object(CakeResponse))
#1 {main}
2012-11-05 12:32:08 Error: [MissingControllerException] Controller class CssController could not be found.
#0 /Applications/MAMP/htdocs/SyntaxPerfect/app/webroot/index.php(92): Dispatcher->dispatch(Object(CakeRequest), Object(CakeResponse))
#1 {main}
2012-11-05 12:32:08 Error: [MissingControllerException] Controller class JsController could not be found.
#0 /Applications/MAMP/htdocs/SyntaxPerfect/app/webroot/index.php(92): Dispatcher->dispatch(Object(CakeRequest), Object(CakeResponse))
#1 {main}
2012-11-05 12:32:10 Error: [MissingControllerException] Controller class JsController could not be found.
#0 /Applications/MAMP/htdocs/SyntaxPerfect/app/webroot/index.php(92): Dispatcher->dispatch(Object(CakeRequest), Object(CakeResponse))
#1 {main}
2012-11-05 12:32:10 Error: [MissingControllerException] Controller class CssController could not be found.
#0 /Applications/MAMP/htdocs/SyntaxPerfect/app/webroot/index.php(92): Dispatcher->dispatch(Object(CakeRequest), Object(CakeResponse))
#1 {main}
2012-11-05 12:32:10 Error: [MissingControllerException] Controller class JsController could not be found.
#0 /Applications/MAMP/htdocs/SyntaxPerfect/app/webroot/index.php(92): Dispatcher->dispatch(Object(CakeRequest), Object(CakeResponse))
#1 {main}
2012-11-05 12:32:11 Error: [MissingControllerException] Controller class JsController could not be found.
#0 /Applications/MAMP/htdocs/SyntaxPerfect/app/webroot/index.php(92): Dispatcher->dispatch(Object(CakeRequest), Object(CakeResponse))
#1 {main}
2012-11-05 12:32:11 Error: [MissingControllerException] Controller class JsController could not be found.
#0 /Applications/MAMP/htdocs/SyntaxPerfect/app/webroot/index.php(92): Dispatcher->dispatch(Object(CakeRequest), Object(CakeResponse))
#1 {main}
2012-11-05 12:32:11 Error: [MissingControllerException] Controller class CssController could not be found.
#0 /Applications/MAMP/htdocs/SyntaxPerfect/app/webroot/index.php(92): Dispatcher->dispatch(Object(CakeRequest), Object(CakeResponse))
#1 {main}
2012-11-05 12:32:15 Error: [MissingControllerException] Controller class JsController could not be found.
#0 /Applications/MAMP/htdocs/SyntaxPerfect/app/webroot/index.php(92): Dispatcher->dispatch(Object(CakeRequest), Object(CakeResponse))
#1 {main}
2012-11-09 10:31:27 Error: [MissingControllerException] Controller class App.jsController could not be found.
#0 /Applications/MAMP/htdocs/SyntaxPerfect/app/webroot/index.php(92): Dispatcher->dispatch(Object(CakeRequest), Object(CakeResponse))
#1 {main}
2012-11-09 10:33:15 Error: [MissingControllerException] Controller class App.jsController could not be found.
#0 /Applications/MAMP/htdocs/SyntaxPerfect/app/webroot/index.php(92): Dispatcher->dispatch(Object(CakeRequest), Object(CakeResponse))
#1 {main}
2012-11-30 11:53:44 Error: [MissingViewException] View file "/var/www/vhosts/sites/PhotoLotto_cms/app/View/Events/index.ctp" is missing.
#0 /var/www/vhosts/sites/PhotoLotto_cms/lib/Cake/View/View.php(473): View->_getViewFileName(NULL)
#1 /var/www/vhosts/sites/PhotoLotto_cms/lib/Cake/Controller/Controller.php(956): View->render(NULL, NULL)
#2 /var/www/vhosts/sites/PhotoLotto_cms/lib/Cake/Routing/Dispatcher.php(193): Controller->render()
#3 /var/www/vhosts/sites/PhotoLotto_cms/lib/Cake/Routing/Dispatcher.php(161): Dispatcher->_invoke(Object(EventsController), Object(CakeRequest), Object(CakeResponse))
#4 /var/www/vhosts/sites/PhotoLotto_cms/app/webroot/index.php(94): Dispatcher->dispatch(Object(CakeRequest), Object(CakeResponse))
#5 {main}
2012-11-30 12:42:16 Error: [MissingViewException] View file "/var/www/vhosts/sites/PhotoLotto_cms/app/View/Events/index.ctp" is missing.
#0 /var/www/vhosts/sites/PhotoLotto_cms/lib/Cake/View/View.php(473): View->_getViewFileName(NULL)
#1 /var/www/vhosts/sites/PhotoLotto_cms/lib/Cake/Controller/Controller.php(956): View->render(NULL, NULL)
#2 /var/www/vhosts/sites/PhotoLotto_cms/lib/Cake/Routing/Dispatcher.php(193): Controller->render()
#3 /var/www/vhosts/sites/PhotoLotto_cms/lib/Cake/Routing/Dispatcher.php(161): Dispatcher->_invoke(Object(EventsController), Object(CakeRequest), Object(CakeResponse))
#4 /var/www/vhosts/sites/PhotoLotto_cms/app/webroot/index.php(94): Dispatcher->dispatch(Object(CakeRequest), Object(CakeResponse))
#5 {main}
2012-12-01 11:53:03 Error: [MissingViewException] View file "/var/www/vhosts/sites/PhotoLotto_cms/app/View/Events/index.ctp" is missing.
#0 /var/www/vhosts/sites/PhotoLotto_cms/lib/Cake/View/View.php(473): View->_getViewFileName(NULL)
#1 /var/www/vhosts/sites/PhotoLotto_cms/lib/Cake/Controller/Controller.php(956): View->render(NULL, NULL)
#2 /var/www/vhosts/sites/PhotoLotto_cms/lib/Cake/Routing/Dispatcher.php(193): Controller->render()
#3 /var/www/vhosts/sites/PhotoLotto_cms/lib/Cake/Routing/Dispatcher.php(161): Dispatcher->_invoke(Object(EventsController), Object(CakeRequest), Object(CakeResponse))
#4 /var/www/vhosts/sites/PhotoLotto_cms/app/webroot/index.php(94): Dispatcher->dispatch(Object(CakeRequest), Object(CakeResponse))
#5 {main}
2012-12-01 12:08:22 Error: [MissingViewException] View file "/var/www/vhosts/sites/PhotoLotto_cms/app/View/Events/eventlist.ctp" is missing.
#0 /var/www/vhosts/sites/PhotoLotto_cms/lib/Cake/View/View.php(473): View->_getViewFileName(NULL)
#1 /var/www/vhosts/sites/PhotoLotto_cms/lib/Cake/Controller/Controller.php(956): View->render(NULL, NULL)
#2 /var/www/vhosts/sites/PhotoLotto_cms/lib/Cake/Routing/Dispatcher.php(193): Controller->render()
#3 /var/www/vhosts/sites/PhotoLotto_cms/lib/Cake/Routing/Dispatcher.php(161): Dispatcher->_invoke(Object(EventsController), Object(CakeRequest), Object(CakeResponse))
#4 /var/www/vhosts/sites/PhotoLotto_cms/app/webroot/index.php(94): Dispatcher->dispatch(Object(CakeRequest), Object(CakeResponse))
#5 {main}
2012-12-01 13:41:16 Error: [MissingHelperException] Helper class TinymceHelper could not be found.
#0 /Applications/MAMP/htdocs/PhotoLotto_cms/lib/Cake/View/View.php(862): HelperCollection->load('Tinymce', Array)
#1 /Applications/MAMP/htdocs/PhotoLotto_cms/lib/Cake/View/View.php(469): View->loadHelpers()
#2 /Applications/MAMP/htdocs/PhotoLotto_cms/lib/Cake/Controller/Controller.php(956): View->render(NULL, NULL)
#3 /Applications/MAMP/htdocs/PhotoLotto_cms/lib/Cake/Routing/Dispatcher.php(193): Controller->render()
#4 /Applications/MAMP/htdocs/PhotoLotto_cms/lib/Cake/Routing/Dispatcher.php(161): Dispatcher->_invoke(Object(EventsController), Object(CakeRequest), Object(CakeResponse))
#5 /Applications/MAMP/htdocs/PhotoLotto_cms/app/webroot/index.php(94): Dispatcher->dispatch(Object(CakeRequest), Object(CakeResponse))
#6 {main}
2012-12-01 13:43:21 Error: [MissingHelperException] Helper class TinymceHelper could not be found.
#0 /Applications/MAMP/htdocs/PhotoLotto_cms/lib/Cake/View/View.php(862): HelperCollection->load('Tinymce', Array)
#1 /Applications/MAMP/htdocs/PhotoLotto_cms/lib/Cake/View/View.php(469): View->loadHelpers()
#2 /Applications/MAMP/htdocs/PhotoLotto_cms/lib/Cake/Controller/Controller.php(956): View->render(NULL, NULL)
#3 /Applications/MAMP/htdocs/PhotoLotto_cms/lib/Cake/Routing/Dispatcher.php(193): Controller->render()
#4 /Applications/MAMP/htdocs/PhotoLotto_cms/lib/Cake/Routing/Dispatcher.php(161): Dispatcher->_invoke(Object(EventsController), Object(CakeRequest), Object(CakeResponse))
#5 /Applications/MAMP/htdocs/PhotoLotto_cms/app/webroot/index.php(94): Dispatcher->dispatch(Object(CakeRequest), Object(CakeResponse))
#6 {main}
2012-12-01 13:46:17 Error: [MissingHelperException] Helper class TinymceHelper could not be found.
#0 /Applications/MAMP/htdocs/PhotoLotto_cms/lib/Cake/View/View.php(862): HelperCollection->load('Tinymce', Array)
#1 /Applications/MAMP/htdocs/PhotoLotto_cms/lib/Cake/View/View.php(469): View->loadHelpers()
#2 /Applications/MAMP/htdocs/PhotoLotto_cms/lib/Cake/Controller/Controller.php(956): View->render(NULL, NULL)
#3 /Applications/MAMP/htdocs/PhotoLotto_cms/lib/Cake/Routing/Dispatcher.php(193): Controller->render()
#4 /Applications/MAMP/htdocs/PhotoLotto_cms/lib/Cake/Routing/Dispatcher.php(161): Dispatcher->_invoke(Object(EventsController), Object(CakeRequest), Object(CakeResponse))
#5 /Applications/MAMP/htdocs/PhotoLotto_cms/app/webroot/index.php(94): Dispatcher->dispatch(Object(CakeRequest), Object(CakeResponse))
#6 {main}
2012-12-01 13:47:32 Error: [MissingHelperException] Helper class TinymceHelper could not be found.
#0 /Applications/MAMP/htdocs/PhotoLotto_cms/lib/Cake/View/View.php(862): HelperCollection->load('Tinymce', Array)
#1 /Applications/MAMP/htdocs/PhotoLotto_cms/lib/Cake/View/View.php(469): View->loadHelpers()
#2 /Applications/MAMP/htdocs/PhotoLotto_cms/lib/Cake/Controller/Controller.php(956): View->render(NULL, NULL)
#3 /Applications/MAMP/htdocs/PhotoLotto_cms/lib/Cake/Routing/Dispatcher.php(193): Controller->render()
#4 /Applications/MAMP/htdocs/PhotoLotto_cms/lib/Cake/Routing/Dispatcher.php(161): Dispatcher->_invoke(Object(EventsController), Object(CakeRequest), Object(CakeResponse))
#5 /Applications/MAMP/htdocs/PhotoLotto_cms/app/webroot/index.php(94): Dispatcher->dispatch(Object(CakeRequest), Object(CakeResponse))
#6 {main}
2012-12-01 13:50:14 Error: [MissingHelperException] Helper class TinymceHelper could not be found.
#0 /Applications/MAMP/htdocs/PhotoLotto_cms/lib/Cake/View/View.php(862): HelperCollection->load('Tinymce', Array)
#1 /Applications/MAMP/htdocs/PhotoLotto_cms/lib/Cake/View/View.php(469): View->loadHelpers()
#2 /Applications/MAMP/htdocs/PhotoLotto_cms/lib/Cake/Controller/Controller.php(956): View->render(NULL, NULL)
#3 /Applications/MAMP/htdocs/PhotoLotto_cms/lib/Cake/Routing/Dispatcher.php(193): Controller->render()
#4 /Applications/MAMP/htdocs/PhotoLotto_cms/lib/Cake/Routing/Dispatcher.php(161): Dispatcher->_invoke(Object(EventsController), Object(CakeRequest), Object(CakeResponse))
#5 /Applications/MAMP/htdocs/PhotoLotto_cms/app/webroot/index.php(94): Dispatcher->dispatch(Object(CakeRequest), Object(CakeResponse))
#6 {main}
2012-12-01 13:50:21 Error: [MissingHelperException] Helper class TinymceHelper could not be found.
#0 /Applications/MAMP/htdocs/PhotoLotto_cms/lib/Cake/View/View.php(862): HelperCollection->load('Tinymce', Array)
#1 /Applications/MAMP/htdocs/PhotoLotto_cms/lib/Cake/View/View.php(469): View->loadHelpers()
#2 /Applications/MAMP/htdocs/PhotoLotto_cms/lib/Cake/Controller/Controller.php(956): View->render(NULL, NULL)
#3 /Applications/MAMP/htdocs/PhotoLotto_cms/lib/Cake/Routing/Dispatcher.php(193): Controller->render()
#4 /Applications/MAMP/htdocs/PhotoLotto_cms/lib/Cake/Routing/Dispatcher.php(161): Dispatcher->_invoke(Object(EventsController), Object(CakeRequest), Object(CakeResponse))
#5 /Applications/MAMP/htdocs/PhotoLotto_cms/app/webroot/index.php(94): Dispatcher->dispatch(Object(CakeRequest), Object(CakeResponse))
#6 {main}
2012-12-01 18:08:56 Error: [MissingActionException] Action UsersController::forget_passwoer() could not be found.
#0 /Applications/MAMP/htdocs/PhotoLotto_cms/lib/Cake/Routing/Dispatcher.php(186): Controller->invokeAction(Object(CakeRequest))
#1 /Applications/MAMP/htdocs/PhotoLotto_cms/lib/Cake/Routing/Dispatcher.php(161): Dispatcher->_invoke(Object(UsersController), Object(CakeRequest), Object(CakeResponse))
#2 /Applications/MAMP/htdocs/PhotoLotto_cms/app/webroot/index.php(94): Dispatcher->dispatch(Object(CakeRequest), Object(CakeResponse))
#3 {main}
